INFO 2025-09-20 04:21:07,019 autoreload 24851 8379025408 Watching for file changes with StatReloader
INFO 2025-09-20 06:03:13,642 autoreload 40230 8379025408 Watching for file changes with StatReloader
INFO 2025-09-20 06:03:20,412 basehttp 40230 6162870272 "GET / HTTP/1.1" 200 44537
INFO 2025-09-20 06:03:41,753 basehttp 40230 6162870272 "GET / HTTP/1.1" 200 44537
INFO 2025-09-20 06:03:41,812 basehttp 40230 6162870272 "GET /static/css/custom.css?v=1.2 HTTP/1.1" 200 47529
WARNING 2025-09-20 06:03:42,023 basehttp 40230 6325039104 "GET /static/images/favicon-32x32.png HTTP/1.1" 404 1945
WARNING 2025-09-20 06:03:42,023 basehttp 40230 6162870272 "GET /static/images/apple-touch-icon.png HTTP/1.1" 404 1954
INFO 2025-09-20 06:04:51,136 basehttp 40230 6162870272 "GET /docs/ HTTP/1.1" 200 51416
WARNING 2025-09-20 06:05:32,102 log 40230 6162870272 Not Found: /favicon.ico
WARNING 2025-09-20 06:05:32,102 basehttp 40230 6162870272 "GET /favicon.ico HTTP/1.1" 404 5450
INFO 2025-09-20 06:12:01,292 autoreload 40230 8379025408 /Volumes/personal/programmingFolders/saas/20-20-20/timer/views.py changed, reloading.
INFO 2025-09-20 06:12:01,596 autoreload 40960 8379025408 Watching for file changes with StatReloader
INFO 2025-09-20 06:12:10,126 autoreload 40960 8379025408 /Volumes/personal/programmingFolders/saas/20-20-20/timer/views.py changed, reloading.
INFO 2025-09-20 06:12:10,370 autoreload 40970 8379025408 Watching for file changes with StatReloader
INFO 2025-09-20 06:12:17,843 autoreload 40970 8379025408 /Volumes/personal/programmingFolders/saas/20-20-20/timer/views.py changed, reloading.
INFO 2025-09-20 06:12:18,073 autoreload 40979 8379025408 Watching for file changes with StatReloader
INFO 2025-09-20 06:12:26,609 autoreload 40979 8379025408 /Volumes/personal/programmingFolders/saas/20-20-20/timer/views.py changed, reloading.
INFO 2025-09-20 06:12:26,859 autoreload 40988 8379025408 Watching for file changes with StatReloader
INFO 2025-09-20 06:23:33,651 basehttp 40988 6134149120 "GET / HTTP/1.1" 200 44537
INFO 2025-09-20 06:25:14,287 basehttp 40988 6134149120 "GET /pricing/ HTTP/1.1" 200 31222
INFO 2025-09-20 06:27:20,130 autoreload 40988 8379025408 /Volumes/personal/programmingFolders/saas/20-20-20/accounts/views.py changed, reloading.
INFO 2025-09-20 06:27:20,414 autoreload 41336 8379025408 Watching for file changes with StatReloader
INFO 2025-09-20 06:27:39,346 autoreload 41336 8379025408 /Volumes/personal/programmingFolders/saas/20-20-20/accounts/views.py changed, reloading.
INFO 2025-09-20 06:27:39,588 autoreload 41347 8379025408 Watching for file changes with StatReloader
INFO 2025-09-20 06:31:58,893 autoreload 41539 8379025408 Watching for file changes with StatReloader
INFO 2025-09-20 07:05:36,758 basehttp 41347 6135197696 "GET /pricing/ HTTP/1.1" 200 31223
INFO 2025-09-20 07:05:42,980 basehttp 41347 6135197696 "GET / HTTP/1.1" 200 44968
INFO 2025-09-20 07:06:52,782 basehttp 41347 6135197696 "GET /pricing/ HTTP/1.1" 200 31223
INFO 2025-09-20 07:06:57,617 basehttp 41347 6135197696 "GET /signup/ HTTP/1.1" 200 25383
INFO 2025-09-20 07:14:21,209 basehttp 41347 6135197696 "GET / HTTP/1.1" 200 42892
INFO 2025-09-20 07:15:26,968 basehttp 41347 6135197696 "GET / HTTP/1.1" 200 42892
INFO 2025-09-20 07:15:27,619 basehttp 41347 6135197696 "GET / HTTP/1.1" 200 42892
INFO 2025-09-20 07:16:00,750 basehttp 41347 6135197696 "GET /pricing/ HTTP/1.1" 200 31223
INFO 2025-09-20 07:20:27,781 autoreload 41347 8379025408 /Volumes/personal/programmingFolders/saas/20-20-20/accounts/views.py changed, reloading.
INFO 2025-09-20 07:20:27,785 autoreload 41539 8379025408 /Volumes/personal/programmingFolders/saas/20-20-20/accounts/views.py changed, reloading.
INFO 2025-09-20 07:20:28,120 autoreload 42282 8379025408 Watching for file changes with StatReloader
INFO 2025-09-20 07:21:42,515 autoreload 42282 8379025408 /Volumes/personal/programmingFolders/saas/20-20-20/accounts/views.py changed, reloading.
INFO 2025-09-20 07:21:42,761 autoreload 42364 8379025408 Watching for file changes with StatReloader
INFO 2025-09-20 07:21:46,058 autoreload 42364 8379025408 /Volumes/personal/programmingFolders/saas/20-20-20/accounts/views.py changed, reloading.
INFO 2025-09-20 07:21:46,290 autoreload 42378 8379025408 Watching for file changes with StatReloader
INFO 2025-09-20 07:22:21,171 basehttp 42378 6193983488 "GET /pricing/ HTTP/1.1" 200 31223
INFO 2025-09-20 07:22:22,368 basehttp 42378 6193983488 "GET / HTTP/1.1" 200 42894
INFO 2025-09-20 07:22:23,561 basehttp 42378 6193983488 "GET /pricing/ HTTP/1.1" 200 31223
INFO 2025-09-20 07:22:24,516 basehttp 42378 6193983488 "GET /about/ HTTP/1.1" 200 26009
INFO 2025-09-20 07:23:08,195 basehttp 42378 6193983488 "GET /contact/ HTTP/1.1" 200 28141
INFO 2025-09-20 07:23:54,031 basehttp 42378 6193983488 "GET / HTTP/1.1" 200 42894
INFO 2025-09-20 07:31:26,963 autoreload 42378 8379025408 /Volumes/personal/programmingFolders/saas/20-20-20/mysite/constants.py changed, reloading.
INFO 2025-09-20 07:31:27,208 autoreload 42686 8379025408 Watching for file changes with StatReloader
INFO 2025-09-20 07:31:48,165 autoreload 42686 8379025408 /Volumes/personal/programmingFolders/saas/20-20-20/timer/views.py changed, reloading.
INFO 2025-09-20 07:31:48,415 autoreload 42726 8379025408 Watching for file changes with StatReloader
INFO 2025-09-20 07:31:58,999 autoreload 42726 8379025408 /Volumes/personal/programmingFolders/saas/20-20-20/timer/views.py changed, reloading.
INFO 2025-09-20 07:31:59,267 autoreload 42743 8379025408 Watching for file changes with StatReloader
INFO 2025-09-20 07:32:03,620 autoreload 42743 8379025408 /Volumes/personal/programmingFolders/saas/20-20-20/timer/views.py changed, reloading.
INFO 2025-09-20 07:32:03,831 autoreload 42752 8379025408 Watching for file changes with StatReloader
INFO 2025-09-20 07:32:16,467 autoreload 42752 8379025408 /Volumes/personal/programmingFolders/saas/20-20-20/timer/views.py changed, reloading.
INFO 2025-09-20 07:32:16,684 autoreload 42773 8379025408 Watching for file changes with StatReloader
INFO 2025-09-20 07:33:18,139 autoreload 42773 8379025408 /Volumes/personal/programmingFolders/saas/20-20-20/accounts/views.py changed, reloading.
INFO 2025-09-20 07:33:18,372 autoreload 42873 8379025408 Watching for file changes with StatReloader
INFO 2025-09-20 07:41:05,557 autoreload 42873 8379025408 /Volumes/personal/programmingFolders/saas/20-20-20/mysite/constants.py changed, reloading.
INFO 2025-09-20 07:41:05,802 autoreload 43167 8379025408 Watching for file changes with StatReloader
INFO 2025-09-20 07:41:15,271 autoreload 43167 8379025408 /Volumes/personal/programmingFolders/saas/20-20-20/accounts/views.py changed, reloading.
INFO 2025-09-20 07:41:15,527 autoreload 43189 8379025408 Watching for file changes with StatReloader
INFO 2025-09-20 08:11:03,863 basehttp 43189 6135820288 "GET / HTTP/1.1" 200 42894
INFO 2025-09-20 08:11:04,833 basehttp 43189 6135820288 "GET / HTTP/1.1" 200 42894
INFO 2025-09-20 08:11:24,055 basehttp 43189 6135820288 "GET /signup/ HTTP/1.1" 200 25383
INFO 2025-09-20 08:11:28,391 basehttp 43189 6135820288 "GET /signup/ HTTP/1.1" 200 25383
INFO 2025-09-20 08:14:01,737 autoreload 43189 8379025408 /Volumes/personal/programmingFolders/saas/20-20-20/accounts/admin.py changed, reloading.
INFO 2025-09-20 08:14:02,520 autoreload 43770 8379025408 Watching for file changes with StatReloader
INFO 2025-09-20 08:22:55,126 autoreload 43770 8379025408 /Volumes/personal/programmingFolders/saas/20-20-20/notifications/models.py changed, reloading.
INFO 2025-09-20 08:22:55,354 autoreload 43987 8379025408 Watching for file changes with StatReloader
INFO 2025-09-20 08:23:09,069 autoreload 43987 8379025408 /Volumes/personal/programmingFolders/saas/20-20-20/accounts/admin.py changed, reloading.
INFO 2025-09-20 08:23:09,328 autoreload 44014 8379025408 Watching for file changes with StatReloader
INFO 2025-09-20 11:31:27,645 autoreload 44014 8379025408 /Volumes/personal/programmingFolders/saas/20-20-20/timer/models.py changed, reloading.
INFO 2025-09-20 11:31:27,960 autoreload 44650 8379025408 Watching for file changes with StatReloader
INFO 2025-09-20 11:33:17,461 basehttp 44650 13170143232 "GET / HTTP/1.1" 200 42894
INFO 2025-09-20 11:33:21,778 basehttp 44650 13170143232 "GET /pricing/ HTTP/1.1" 200 31237
INFO 2025-09-20 11:43:04,340 basehttp 44650 13170143232 "GET /about/ HTTP/1.1" 200 26009
INFO 2025-09-20 13:30:56,679 basehttp 44650 13170143232 "GET /about/ HTTP/1.1" 200 26009
WARNING 2025-09-20 13:30:56,776 basehttp 44650 13170143232 "GET /static/images/apple-touch-icon.png HTTP/1.1" 404 1954
WARNING 2025-09-20 13:30:56,776 basehttp 44650 13186969600 "GET /static/images/favicon-32x32.png HTTP/1.1" 404 1945
INFO 2025-09-20 17:29:08,659 basehttp 44650 13170143232 "GET /about/ HTTP/1.1" 200 26011
INFO 2025-09-20 17:29:08,683 basehttp 44650 13170143232 "GET /static/css/custom.css?v=1.2 HTTP/1.1" 200 47529
WARNING 2025-09-20 17:29:08,838 basehttp 44650 13186969600 "GET /static/images/favicon-32x32.png HTTP/1.1" 404 1945
WARNING 2025-09-20 17:29:08,839 basehttp 44650 13170143232 "GET /static/images/apple-touch-icon.png HTTP/1.1" 404 1954
INFO 2025-09-20 17:29:09,727 basehttp 44650 13170143232 "GET / HTTP/1.1" 200 42896
INFO 2025-09-20 17:36:09,014 autoreload 44650 8379025408 /Volumes/personal/programmingFolders/saas/20-20-20/timer/views.py changed, reloading.
INFO 2025-09-20 17:36:09,700 autoreload 51225 8379025408 Watching for file changes with StatReloader
INFO 2025-09-20 17:37:49,567 autoreload 51225 8379025408 /Volumes/personal/programmingFolders/saas/20-20-20/analytics/models.py changed, reloading.
INFO 2025-09-20 17:37:49,828 autoreload 51248 8379025408 Watching for file changes with StatReloader
INFO 2025-09-20 17:38:46,170 autoreload 51248 8379025408 /Volumes/personal/programmingFolders/saas/20-20-20/timer/models.py changed, reloading.
INFO 2025-09-20 17:38:46,436 autoreload 51270 8379025408 Watching for file changes with StatReloader
INFO 2025-09-20 17:41:40,931 autoreload 51270 8379025408 /Volumes/personal/programmingFolders/saas/20-20-20/timer/views.py changed, reloading.
INFO 2025-09-20 17:41:41,183 autoreload 51340 8379025408 Watching for file changes with StatReloader
INFO 2025-09-20 17:41:46,560 autoreload 51340 8379025408 /Volumes/personal/programmingFolders/saas/20-20-20/timer/views.py changed, reloading.
INFO 2025-09-20 17:41:46,814 autoreload 51350 8379025408 Watching for file changes with StatReloader
INFO 2025-09-27 12:07:32,659 autoreload 1444 8379025408 Watching for file changes with StatReloader
INFO 2025-09-27 12:07:44,149 middleware 1444 6164852736 GET /
INFO 2025-09-27 12:07:44,184 middleware 1444 6164852736 GET / -> 200
INFO 2025-09-27 12:07:44,185 basehttp 1444 6164852736 "GET / HTTP/1.1" 200 42896
INFO 2025-09-27 12:07:44,204 basehttp 1444 6164852736 "GET /static/css/custom.css?v=1.2 HTTP/1.1" 200 47529
WARNING 2025-09-27 12:07:44,976 basehttp 1444 6164852736 "GET /static/images/apple-touch-icon.png HTTP/1.1" 404 1954
WARNING 2025-09-27 12:07:44,976 basehttp 1444 6181679104 "GET /static/images/favicon-32x32.png HTTP/1.1" 404 1945
INFO 2025-09-27 12:07:47,368 middleware 1444 6164852736 GET /pricing/
INFO 2025-09-27 12:07:47,374 middleware 1444 6164852736 GET /pricing/ -> 200
INFO 2025-09-27 12:07:47,376 basehttp 1444 6164852736 "GET /pricing/ HTTP/1.1" 200 31242
INFO 2025-09-27 12:08:36,022 autoreload 1526 8379025408 Watching for file changes with StatReloader
INFO 2025-09-28 05:47:58,141 middleware 20850 6115225600 GET /
INFO 2025-09-28 05:47:58,157 middleware 20850 6115225600 GET / -> 200
INFO 2025-09-28 05:47:58,157 basehttp 20850 6115225600 "GET / HTTP/1.1" 200 42704
INFO 2025-09-28 05:48:08,392 middleware 20850 6115225600 GET /accounts/login/
INFO 2025-09-28 05:48:08,402 middleware 20850 6115225600 GET /accounts/login/ -> 404
WARNING 2025-09-28 05:48:08,403 basehttp 20850 6115225600 "GET /accounts/login/ HTTP/1.1" 404 5746
INFO 2025-09-28 05:48:08,459 middleware 20850 6115225600 GET /accounts/register/
INFO 2025-09-28 05:48:08,461 middleware 20850 6115225600 GET /accounts/register/ -> 404
WARNING 2025-09-28 05:48:08,461 basehttp 20850 6115225600 "GET /accounts/register/ HTTP/1.1" 404 5755
INFO 2025-09-28 05:48:08,519 middleware 20850 6115225600 GET /timer/
INFO 2025-09-28 05:48:08,521 middleware 20850 6115225600 GET /timer/ -> 404
WARNING 2025-09-28 05:48:08,521 basehttp 20850 6115225600 "GET /timer/ HTTP/1.1" 404 8633
INFO 2025-09-28 05:48:21,724 middleware 20850 6115225600 GET /login/
INFO 2025-09-28 05:48:21,727 middleware 20850 6115225600 GET /login/ -> 200
INFO 2025-09-28 05:48:21,727 basehttp 20850 6115225600 "GET /login/ HTTP/1.1" 200 21369
INFO 2025-09-28 05:48:21,785 middleware 20850 6115225600 GET /signup/
INFO 2025-09-28 05:48:21,791 middleware 20850 6115225600 GET /signup/ -> 200
INFO 2025-09-28 05:48:21,792 basehttp 20850 6115225600 "GET /signup/ HTTP/1.1" 200 26599
INFO 2025-09-28 05:48:21,847 middleware 20850 6115225600 GET /
INFO 2025-09-28 05:48:21,849 middleware 20850 6115225600 GET / -> 200
INFO 2025-09-28 05:48:21,849 basehttp 20850 6115225600 "GET / HTTP/1.1" 200 42704
INFO 2025-09-28 05:48:47,804 middleware 20850 6115225600 GET /timer/dashboard/
INFO 2025-09-28 05:48:47,804 middleware 20850 6115225600 GET /timer/dashboard/ -> 302
INFO 2025-09-28 05:48:47,804 basehttp 20850 6115225600 "GET /timer/dashboard/ HTTP/1.1" 302 0
INFO 2025-09-28 05:48:47,864 middleware 20850 6115225600 GET /analytics/
INFO 2025-09-28 05:48:47,866 middleware 20850 6115225600 GET /analytics/ -> 404
WARNING 2025-09-28 05:48:47,866 basehttp 20850 6115225600 "GET /analytics/ HTTP/1.1" 404 6825
INFO 2025-09-28 05:48:47,924 middleware 20850 6115225600 GET /subscriptions/
INFO 2025-09-28 05:48:47,925 middleware 20850 6115225600 GET /subscriptions/ -> 404
WARNING 2025-09-28 05:48:47,925 basehttp 20850 6115225600 "GET /subscriptions/ HTTP/1.1" 404 5629
INFO 2025-09-28 05:48:57,969 middleware 20850 6115225600 GET /analytics/admin-dashboard/
INFO 2025-09-28 05:48:57,969 middleware 20850 6115225600 GET /analytics/admin-dashboard/ -> 302
INFO 2025-09-28 05:48:57,969 basehttp 20850 6115225600 "GET /analytics/admin-dashboard/ HTTP/1.1" 302 0
INFO 2025-09-28 05:48:58,026 middleware 20850 6115225600 GET /payments/
INFO 2025-09-28 05:48:58,027 middleware 20850 6115225600 GET /payments/ -> 404
WARNING 2025-09-28 05:48:58,028 basehttp 20850 6115225600 "GET /payments/ HTTP/1.1" 404 7971
INFO 2025-09-28 05:48:58,085 middleware 20850 6115225600 GET /pricing/
INFO 2025-09-28 05:48:58,087 middleware 20850 6115225600 GET /pricing/ -> 200
INFO 2025-09-28 05:48:58,087 basehttp 20850 6115225600 "GET /pricing/ HTTP/1.1" 200 31007
INFO 2025-09-28 05:49:06,524 middleware 20850 6115225600 GET /payments/upgrade/
INFO 2025-09-28 05:49:06,525 middleware 20850 6115225600 GET /payments/upgrade/ -> 302
INFO 2025-09-28 05:49:06,525 basehttp 20850 6115225600 "GET /payments/upgrade/ HTTP/1.1" 302 0
INFO 2025-09-28 06:35:07,645 middleware 22654 8379025408 POST /timer/start/
INFO 2025-09-28 06:35:07,646 decorators 22654 8379025408 API call started: start_session_view
INFO 2025-09-28 06:35:07,646 decorators 22654 8379025408 API request: start_session_view
ERROR 2025-09-28 06:35:07,646 decorators 22654 8379025408 API call failed: start_session_view - "Attempt to overwrite 'message' in LogRecord"
ERROR 2025-09-28 06:35:07,646 decorators 22654 8379025408 Unexpected error in API view start_session_view: "Attempt to overwrite 'message' in LogRecord"
Traceback (most recent call last):
  File "/Volumes/personal/programmingFolders/saas/20-20-20/mysite/decorators.py", line 49, in wrapper
    result = view_func(request, *args, **kwargs)
             ^^^^^^^^^^^^^^^^^^^^^^^^^^^^^^^^^^^
  File "/Volumes/personal/programmingFolders/saas/20-20-20/mysite/decorators.py", line 347, in wrapper
    response = view_func(request, *args, **kwargs)
               ^^^^^^^^^^^^^^^^^^^^^^^^^^^^^^^^^^^
  File "/Volumes/personal/programmingFolders/saas/20-20-20/mysite/decorators.py", line 109, in wrapper
    raise UserNotAuthenticatedError(
          ^^^^^^^^^^^^^^^^^^^^^^^^^^
  File "/Volumes/personal/programmingFolders/saas/20-20-20/mysite/exceptions.py", line 59, in __init__
    self._log_error()
  File "/Volumes/personal/programmingFolders/saas/20-20-20/mysite/exceptions.py", line 70, in _log_error
    logger.log(
  File "/Volumes/personal/conda_envs/webapp/lib/python3.11/logging/__init__.py", line 1559, in log
    self._log(level, msg, args, **kwargs)
  File "/Volumes/personal/conda_envs/webapp/lib/python3.11/logging/__init__.py", line 1632, in _log
    record = self.makeRecord(self.name, level, fn, lno, msg, args,
             ^^^^^^^^^^^^^^^^^^^^^^^^^^^^^^^^^^^^^^^^^^^^^^^^^^^^^
  File "/Volumes/personal/conda_envs/webapp/lib/python3.11/logging/__init__.py", line 1606, in makeRecord
    raise KeyError("Attempt to overwrite %r in LogRecord" % key)
KeyError: "Attempt to overwrite 'message' in LogRecord"
INFO 2025-09-28 06:35:07,649 middleware 22654 8379025408 POST /timer/start/ -> 500
INFO 2025-09-28 06:35:10,664 middleware 22654 8379025408 POST /signup/
ERROR 2025-09-28 06:35:10,753 middleware 22654 8379025408 Unexpected error: AxesBackendRequestParameterRequired: AxesBackend requires a request as an argument to authenticate
Traceback (most recent call last):
  File "/Volumes/personal/conda_envs/webapp/lib/python3.11/site-packages/django/core/handlers/base.py", line 197, in _get_response
    response = wrapped_callback(request, *callback_args, **callback_kwargs)
               ^^^^^^^^^^^^^^^^^^^^^^^^^^^^^^^^^^^^^^^^^^^^^^^^^^^^^^^^^^^^
  File "/Volumes/personal/conda_envs/webapp/lib/python3.11/site-packages/django/views/generic/base.py", line 104, in view
    return self.dispatch(request, *args, **kwargs)
           ^^^^^^^^^^^^^^^^^^^^^^^^^^^^^^^^^^^^^^^
  File "/Volumes/personal/conda_envs/webapp/lib/python3.11/site-packages/django/views/generic/base.py", line 143, in dispatch
    return handler(request, *args, **kwargs)
           ^^^^^^^^^^^^^^^^^^^^^^^^^^^^^^^^^
  File "/Volumes/personal/conda_envs/webapp/lib/python3.11/site-packages/django/views/generic/edit.py", line 184, in post
    return super().post(request, *args, **kwargs)
           ^^^^^^^^^^^^^^^^^^^^^^^^^^^^^^^^^^^^^^
  File "/Volumes/personal/conda_envs/webapp/lib/python3.11/site-packages/django/views/generic/edit.py", line 153, in post
    return self.form_valid(form)
           ^^^^^^^^^^^^^^^^^^^^^
  File "/Volumes/personal/programmingFolders/saas/20-20-20/accounts/views.py", line 40, in form_valid
    user = authenticate(username=email, password=raw_password)
           ^^^^^^^^^^^^^^^^^^^^^^^^^^^^^^^^^^^^^^^^^^^^^^^^^^^
  File "/Volumes/personal/conda_envs/webapp/lib/python3.11/site-packages/django/views/decorators/debug.py", line 42, in sensitive_variables_wrapper
    return func(*func_args, **func_kwargs)
           ^^^^^^^^^^^^^^^^^^^^^^^^^^^^^^^
  File "/Volumes/personal/conda_envs/webapp/lib/python3.11/site-packages/django/contrib/auth/__init__.py", line 77, in authenticate
    user = backend.authenticate(request, **credentials)
           ^^^^^^^^^^^^^^^^^^^^^^^^^^^^^^^^^^^^^^^^^^^^
  File "/Volumes/personal/conda_envs/webapp/lib/python3.11/site-packages/axes/helpers.py", line 614, in inner
    return func(*args, **kwargs)
           ^^^^^^^^^^^^^^^^^^^^^
  File "/Volumes/personal/conda_envs/webapp/lib/python3.11/site-packages/axes/backends.py", line 46, in authenticate
    raise AxesBackendRequestParameterRequired(
axes.exceptions.AxesBackendRequestParameterRequired: AxesBackend requires a request as an argument to authenticate
INFO 2025-09-28 06:35:10,779 middleware 22654 8379025408 POST /signup/ -> 500
